\BOOKMARK [1][-]{section.1}{\376\377\000P\000r\000o\000b\000l\000e\000m\000\040\0001}{}% 1
\BOOKMARK [2][-]{subsection.1.1}{\376\377\000a\000\051}{section.1}% 2
\BOOKMARK [3][-]{subsubsection.1.1.1}{\376\377\000D\000e\000s\000c\000r\000i\000b\000i\000n\000g\000\040\000t\000h\000e\000\040\000a\000p\000p\000r\000o\000a\000c\000h}{subsection.1.1}% 3
\BOOKMARK [3][-]{subsubsection.1.1.2}{\376\377\000P\000r\000o\000g\000r\000a\000m\000\040\000o\000u\000t\000p\000u\000t}{subsection.1.1}% 4
\BOOKMARK [2][-]{subsection.1.2}{\376\377\000b\000\051}{section.1}% 5
\BOOKMARK [3][-]{subsubsection.1.2.1}{\376\377\000L\000F\000S\000R\000\040\000D\000e\000s\000i\000g\000n}{subsection.1.2}% 6
\BOOKMARK [3][-]{subsubsection.1.2.2}{\376\377\000S\000h\000o\000w\000i\000n\000g\000\040\000t\000h\000e\000\040\000m\000a\000x\000i\000m\000a\000l\000-\000l\000e\000n\000g\000t\000h\000\040\000p\000s\000e\000u\000d\000o\000-\000r\000a\000n\000d\000o\000m\000\040\000o\000u\000t\000p\000u\000t}{subsection.1.2}% 7
\BOOKMARK [2][-]{subsection.1.3}{\376\377\000c\000\051}{section.1}% 8
\BOOKMARK [3][-]{subsubsection.1.3.1}{\376\377\000S\000t\000r\000e\000a\000m\000\040\000C\000y\000p\000h\000e\000r\000\040\000R\000e\000s\000u\000l\000t\000s\000\040\000P\000C\000P}{subsection.1.3}% 9
\BOOKMARK [1][-]{section.2}{\376\377\000P\000r\000o\000b\000l\000e\000m\000\040\0002}{}% 10
\BOOKMARK [2][-]{subsection.2.1}{\376\377\000a\000\051}{section.2}% 11
\BOOKMARK [2][-]{subsection.2.2}{\376\377\000b\000\051}{section.2}% 12
\BOOKMARK [2][-]{subsection.2.3}{\376\377\000c\000\051}{section.2}% 13
\BOOKMARK [2][-]{subsection.2.4}{\376\377\000d\000\051}{section.2}% 14
\BOOKMARK [2][-]{subsection.2.5}{\376\377\000e\000\051}{section.2}% 15
\BOOKMARK [2][-]{subsection.2.6}{\376\377\000f\000\051}{section.2}% 16
\BOOKMARK [2][-]{subsection.2.7}{\376\377\000g\000\051}{section.2}% 17
\BOOKMARK [1][-]{section.3}{\376\377\000P\000r\000o\000b\000l\000e\000m\000\040\0003}{}% 18
\BOOKMARK [2][-]{subsection.3.1}{\376\377\000a\000\051}{section.3}% 19
\BOOKMARK [2][-]{subsection.3.2}{\376\377\000b\000\051}{section.3}% 20
\BOOKMARK [2][-]{subsection.3.3}{\376\377\000c\000\051}{section.3}% 21
\BOOKMARK [2][-]{subsection.3.4}{\376\377\000d\000\051}{section.3}% 22
\BOOKMARK [2][-]{subsection.3.5}{\376\377\000e\000\051}{section.3}% 23
\BOOKMARK [2][-]{subsection.3.6}{\376\377\000f\000\051}{section.3}% 24
\BOOKMARK [1][-]{section.4}{\376\377\000P\000r\000o\000b\000l\000e\000m\000\040\0004}{}% 25
\BOOKMARK [2][-]{subsection.4.1}{\376\377\000S\000h\000o\000w\000i\000n\000g\000\040\000t\000h\000e\000\040\000p\000r\000o\000c\000e\000s\000s}{section.4}% 26
