#! /usr/bin/vvp
:ivl_version "12.0 (stable)" "(v12_0-dirty)";
:ivl_delay_selection "TYPICAL";
:vpi_time_precision + 0;
:vpi_module "/usr/lib/ivl/system.vpi";
:vpi_module "/usr/lib/ivl/vhdl_sys.vpi";
:vpi_module "/usr/lib/ivl/vhdl_textio.vpi";
:vpi_module "/usr/lib/ivl/v2005_math.vpi";
:vpi_module "/usr/lib/ivl/va_math.vpi";
S_0x556fc3a356f0 .scope module, "DOUB_PROJ" "DOUB_PROJ" 2 3;
 .timescale 0 0;
    .port_info 0 /INPUT 3 "X1";
    .port_info 1 /INPUT 3 "Y1";
    .port_info 2 /INPUT 3 "Z1";
    .port_info 3 /OUTPUT 3 "X3";
    .port_info 4 /OUTPUT 3 "Y3";
    .port_info 5 /OUTPUT 3 "Z3";
L_0x556fc3a8d460 .functor XOR 3, v0x556fc3a89410_0, v0x556fc3a87a70_0, C4<000>, C4<000>;
L_0x556fc3a8d5a0 .functor XOR 3, v0x556fc3a86d30_0, v0x556fc3a85d40_0, C4<000>, C4<000>;
L_0x556fc3a8d630 .functor XOR 3, L_0x556fc3a8d5a0, v0x556fc3a85680_0, C4<000>, C4<000>;
L_0x556fc3a8d740 .functor XOR 3, v0x556fc3a8a630_0, v0x556fc3a8ae10_0, C4<000>, C4<000>;
v0x556fc3a8bf00_0 .net "A", 2 0, v0x556fc3a85680_0;  1 drivers
v0x556fc3a8bfc0_0 .net "Asq", 2 0, v0x556fc3a8b900_0;  1 drivers
v0x556fc3a8c080_0 .net "B", 2 0, L_0x556fc3a8d460;  1 drivers
v0x556fc3a8c170_0 .net "Temp_Y3_1", 2 0, v0x556fc3a8a630_0;  1 drivers
v0x556fc3a8c230_0 .net "Temp_Y3_2", 2 0, v0x556fc3a8ae10_0;  1 drivers
o0x7f059bec4018 .functor BUFZ 3, C4<zzz>; HiZ drive
v0x556fc3a8c320_0 .net "X1", 2 0, o0x7f059bec4018;  0 drivers
v0x556fc3a8c3c0_0 .net "X1sq_YZ_A", 2 0, L_0x556fc3a8d630;  1 drivers
v0x556fc3a8c4b0_0 .net "X3", 2 0, v0x556fc3a89e80_0;  1 drivers
v0x556fc3a8c580_0 .net "Xsq", 2 0, v0x556fc3a86d30_0;  1 drivers
v0x556fc3a8c740_0 .net "Xsqsq", 2 0, v0x556fc3a87a70_0;  1 drivers
o0x7f059bec41f8 .functor BUFZ 3, C4<zzz>; HiZ drive
v0x556fc3a8c800_0 .net "Y1", 2 0, o0x7f059bec41f8;  0 drivers
v0x556fc3a8c8f0_0 .net "Y3", 2 0, L_0x556fc3a8d740;  1 drivers
v0x556fc3a8c9b0_0 .net "YZ", 2 0, v0x556fc3a85d40_0;  1 drivers
o0x7f059bec4048 .functor BUFZ 3, C4<zzz>; HiZ drive
v0x556fc3a8caa0_0 .net "Z1", 2 0, o0x7f059bec4048;  0 drivers
v0x556fc3a8cbd0_0 .net "Z3", 2 0, v0x556fc3a86410_0;  1 drivers
v0x556fc3a8ccc0_0 .net "Zsq", 2 0, v0x556fc3a88740_0;  1 drivers
v0x556fc3a8cdf0_0 .net "Zsqsq", 2 0, v0x556fc3a89410_0;  1 drivers
v0x556fc3a8cfc0_0 .net *"_ivl_2", 2 0, L_0x556fc3a8d5a0;  1 drivers
S_0x556fc3a35920 .scope module, "T0" "MM" 2 19, 3 1 0, S_0x556fc3a356f0;
 .timescale 0 0;
    .port_info 0 /INPUT 3 "A";
    .port_info 1 /INPUT 3 "B";
    .port_info 2 /INPUT 1 "clk";
    .port_info 3 /INPUT 1 "reset";
    .port_info 4 /OUTPUT 3 "Z";
v0x556fc3a35ab0_0 .net "A", 2 0, o0x7f059bec4018;  alias, 0 drivers
v0x556fc3a855a0_0 .net "B", 2 0, o0x7f059bec4048;  alias, 0 drivers
v0x556fc3a85680_0 .var "Z", 2 0;
o0x7f059bec40a8 .functor BUFZ 1, C4<z>; HiZ drive
v0x556fc3a85740_0 .net "clk", 0 0, o0x7f059bec40a8;  0 drivers
o0x7f059bec40d8 .functor BUFZ 1, C4<z>; HiZ drive
v0x556fc3a85800_0 .net "reset", 0 0, o0x7f059bec40d8;  0 drivers
E_0x556fc3a39d30 .event anyedge, v0x556fc3a35ab0_0, v0x556fc3a855a0_0;
S_0x556fc3a85960 .scope module, "T1" "MM" 2 20, 3 1 0, S_0x556fc3a356f0;
 .timescale 0 0;
    .port_info 0 /INPUT 3 "A";
    .port_info 1 /INPUT 3 "B";
    .port_info 2 /INPUT 1 "clk";
    .port_info 3 /INPUT 1 "reset";
    .port_info 4 /OUTPUT 3 "Z";
v0x556fc3a85b80_0 .net "A", 2 0, o0x7f059bec41f8;  alias, 0 drivers
v0x556fc3a85c80_0 .net "B", 2 0, o0x7f059bec4048;  alias, 0 drivers
v0x556fc3a85d40_0 .var "Z", 2 0;
o0x7f059bec4258 .functor BUFZ 1, C4<z>; HiZ drive
v0x556fc3a85de0_0 .net "clk", 0 0, o0x7f059bec4258;  0 drivers
o0x7f059bec4288 .functor BUFZ 1, C4<z>; HiZ drive
v0x556fc3a85ea0_0 .net "reset", 0 0, o0x7f059bec4288;  0 drivers
E_0x556fc3a38d50 .event anyedge, v0x556fc3a85b80_0, v0x556fc3a855a0_0;
S_0x556fc3a86050 .scope module, "T10" "MM" 2 42, 3 1 0, S_0x556fc3a356f0;
 .timescale 0 0;
    .port_info 0 /INPUT 3 "A";
    .port_info 1 /INPUT 3 "B";
    .port_info 2 /INPUT 1 "clk";
    .port_info 3 /INPUT 1 "reset";
    .port_info 4 /OUTPUT 3 "Z";
v0x556fc3a86250_0 .net "A", 2 0, v0x556fc3a8b900_0;  alias, 1 drivers
v0x556fc3a86350_0 .net "B", 2 0, v0x556fc3a85680_0;  alias, 1 drivers
v0x556fc3a86410_0 .var "Z", 2 0;
o0x7f059bec4408 .functor BUFZ 1, C4<z>; HiZ drive
v0x556fc3a864b0_0 .net "clk", 0 0, o0x7f059bec4408;  0 drivers
o0x7f059bec4438 .functor BUFZ 1, C4<z>; HiZ drive
v0x556fc3a86570_0 .net "reset", 0 0, o0x7f059bec4438;  0 drivers
E_0x556fc3a1cf40 .event anyedge, v0x556fc3a86250_0, v0x556fc3a85680_0;
S_0x556fc3a86720 .scope module, "T2" "GFSQR" 2 22, 4 3 0, S_0x556fc3a356f0;
 .timescale 0 0;
    .port_info 0 /INPUT 3 "A";
    .port_info 1 /OUTPUT 3 "Z";
L_0x556fc3a8d1a0 .functor BUFZ 3, o0x7f059bec4018, C4<000>, C4<000>, C4<000>;
v0x556fc3a87090_0 .net "A", 2 0, o0x7f059bec4018;  alias, 0 drivers
v0x556fc3a871c0_0 .net "B", 2 0, L_0x556fc3a8d1a0;  1 drivers
v0x556fc3a87280_0 .net "Z", 2 0, v0x556fc3a86d30_0;  alias, 1 drivers
S_0x556fc3a86920 .scope module, "sqrer" "MM" 4 10, 3 1 0, S_0x556fc3a86720;
 .timescale 0 0;
    .port_info 0 /INPUT 3 "A";
    .port_info 1 /INPUT 3 "B";
    .port_info 2 /INPUT 1 "clk";
    .port_info 3 /INPUT 1 "reset";
    .port_info 4 /OUTPUT 3 "Z";
v0x556fc3a86b60_0 .net "A", 2 0, o0x7f059bec4018;  alias, 0 drivers
v0x556fc3a86c70_0 .net "B", 2 0, L_0x556fc3a8d1a0;  alias, 1 drivers
v0x556fc3a86d30_0 .var "Z", 2 0;
o0x7f059bec45b8 .functor BUFZ 1, C4<z>; HiZ drive
v0x556fc3a86e20_0 .net "clk", 0 0, o0x7f059bec45b8;  0 drivers
o0x7f059bec45e8 .functor BUFZ 1, C4<z>; HiZ drive
v0x556fc3a86ee0_0 .net "reset", 0 0, o0x7f059bec45e8;  0 drivers
E_0x556fc3a66890 .event anyedge, v0x556fc3a35ab0_0, v0x556fc3a86c70_0;
S_0x556fc3a87370 .scope module, "T3" "GFSQR" 2 23, 4 3 0, S_0x556fc3a356f0;
 .timescale 0 0;
    .port_info 0 /INPUT 3 "A";
    .port_info 1 /OUTPUT 3 "Z";
L_0x556fc3a8d250 .functor BUFZ 3, v0x556fc3a86d30_0, C4<000>, C4<000>, C4<000>;
v0x556fc3a87da0_0 .net "A", 2 0, v0x556fc3a86d30_0;  alias, 1 drivers
v0x556fc3a87e80_0 .net "B", 2 0, L_0x556fc3a8d250;  1 drivers
v0x556fc3a87f40_0 .net "Z", 2 0, v0x556fc3a87a70_0;  alias, 1 drivers
S_0x556fc3a875e0 .scope module, "sqrer" "MM" 4 10, 3 1 0, S_0x556fc3a87370;
 .timescale 0 0;
    .port_info 0 /INPUT 3 "A";
    .port_info 1 /INPUT 3 "B";
    .port_info 2 /INPUT 1 "clk";
    .port_info 3 /INPUT 1 "reset";
    .port_info 4 /OUTPUT 3 "Z";
v0x556fc3a87860_0 .net "A", 2 0, v0x556fc3a86d30_0;  alias, 1 drivers
v0x556fc3a87990_0 .net "B", 2 0, L_0x556fc3a8d250;  alias, 1 drivers
v0x556fc3a87a70_0 .var "Z", 2 0;
o0x7f059bec47c8 .functor BUFZ 1, C4<z>; HiZ drive
v0x556fc3a87b30_0 .net "clk", 0 0, o0x7f059bec47c8;  0 drivers
o0x7f059bec47f8 .functor BUFZ 1, C4<z>; HiZ drive
v0x556fc3a87bf0_0 .net "reset", 0 0, o0x7f059bec47f8;  0 drivers
E_0x556fc3a877e0 .event anyedge, v0x556fc3a86d30_0, v0x556fc3a87990_0;
S_0x556fc3a88060 .scope module, "T4" "GFSQR" 2 25, 4 3 0, S_0x556fc3a356f0;
 .timescale 0 0;
    .port_info 0 /INPUT 3 "A";
    .port_info 1 /OUTPUT 3 "Z";
L_0x556fc3a8d300 .functor BUFZ 3, o0x7f059bec4048, C4<000>, C4<000>, C4<000>;
v0x556fc3a88a70_0 .net "A", 2 0, o0x7f059bec4048;  alias, 0 drivers
v0x556fc3a88b50_0 .net "B", 2 0, L_0x556fc3a8d300;  1 drivers
v0x556fc3a88c10_0 .net "Z", 2 0, v0x556fc3a88740_0;  alias, 1 drivers
S_0x556fc3a88280 .scope module, "sqrer" "MM" 4 10, 3 1 0, S_0x556fc3a88060;
 .timescale 0 0;
    .port_info 0 /INPUT 3 "A";
    .port_info 1 /INPUT 3 "B";
    .port_info 2 /INPUT 1 "clk";
    .port_info 3 /INPUT 1 "reset";
    .port_info 4 /OUTPUT 3 "Z";
v0x556fc3a88530_0 .net "A", 2 0, o0x7f059bec4048;  alias, 0 drivers
v0x556fc3a88660_0 .net "B", 2 0, L_0x556fc3a8d300;  alias, 1 drivers
v0x556fc3a88740_0 .var "Z", 2 0;
o0x7f059bec49d8 .functor BUFZ 1, C4<z>; HiZ drive
v0x556fc3a88800_0 .net "clk", 0 0, o0x7f059bec49d8;  0 drivers
o0x7f059bec4a08 .functor BUFZ 1, C4<z>; HiZ drive
v0x556fc3a888c0_0 .net "reset", 0 0, o0x7f059bec4a08;  0 drivers
E_0x556fc3a884b0 .event anyedge, v0x556fc3a855a0_0, v0x556fc3a88660_0;
S_0x556fc3a88d30 .scope module, "T5" "GFSQR" 2 26, 4 3 0, S_0x556fc3a356f0;
 .timescale 0 0;
    .port_info 0 /INPUT 3 "A";
    .port_info 1 /OUTPUT 3 "Z";
L_0x556fc3a8d3b0 .functor BUFZ 3, v0x556fc3a88740_0, C4<000>, C4<000>, C4<000>;
v0x556fc3a89740_0 .net "A", 2 0, v0x556fc3a88740_0;  alias, 1 drivers
v0x556fc3a89820_0 .net "B", 2 0, L_0x556fc3a8d3b0;  1 drivers
v0x556fc3a898e0_0 .net "Z", 2 0, v0x556fc3a89410_0;  alias, 1 drivers
S_0x556fc3a88f50 .scope module, "sqrer" "MM" 4 10, 3 1 0, S_0x556fc3a88d30;
 .timescale 0 0;
    .port_info 0 /INPUT 3 "A";
    .port_info 1 /INPUT 3 "B";
    .port_info 2 /INPUT 1 "clk";
    .port_info 3 /INPUT 1 "reset";
    .port_info 4 /OUTPUT 3 "Z";
v0x556fc3a89200_0 .net "A", 2 0, v0x556fc3a88740_0;  alias, 1 drivers
v0x556fc3a89330_0 .net "B", 2 0, L_0x556fc3a8d3b0;  alias, 1 drivers
v0x556fc3a89410_0 .var "Z", 2 0;
o0x7f059bec4be8 .functor BUFZ 1, C4<z>; HiZ drive
v0x556fc3a894d0_0 .net "clk", 0 0, o0x7f059bec4be8;  0 drivers
o0x7f059bec4c18 .functor BUFZ 1, C4<z>; HiZ drive
v0x556fc3a89590_0 .net "reset", 0 0, o0x7f059bec4c18;  0 drivers
E_0x556fc3a89180 .event anyedge, v0x556fc3a88740_0, v0x556fc3a89330_0;
S_0x556fc3a89a00 .scope module, "T6" "MM" 2 30, 3 1 0, S_0x556fc3a356f0;
 .timescale 0 0;
    .port_info 0 /INPUT 3 "A";
    .port_info 1 /INPUT 3 "B";
    .port_info 2 /INPUT 1 "clk";
    .port_info 3 /INPUT 1 "reset";
    .port_info 4 /OUTPUT 3 "Z";
v0x556fc3a89c70_0 .net "A", 2 0, v0x556fc3a85680_0;  alias, 1 drivers
v0x556fc3a89da0_0 .net "B", 2 0, L_0x556fc3a8d460;  alias, 1 drivers
v0x556fc3a89e80_0 .var "Z", 2 0;
o0x7f059bec4df8 .functor BUFZ 1, C4<z>; HiZ drive
v0x556fc3a89f40_0 .net "clk", 0 0, o0x7f059bec4df8;  0 drivers
o0x7f059bec4e28 .functor BUFZ 1, C4<z>; HiZ drive
v0x556fc3a8a000_0 .net "reset", 0 0, o0x7f059bec4e28;  0 drivers
E_0x556fc3a89c10 .event anyedge, v0x556fc3a85680_0, v0x556fc3a89da0_0;
S_0x556fc3a8a1b0 .scope module, "T7" "MM" 2 34, 3 1 0, S_0x556fc3a356f0;
 .timescale 0 0;
    .port_info 0 /INPUT 3 "A";
    .port_info 1 /INPUT 3 "B";
    .port_info 2 /INPUT 1 "clk";
    .port_info 3 /INPUT 1 "reset";
    .port_info 4 /OUTPUT 3 "Z";
v0x556fc3a8a490_0 .net "A", 2 0, v0x556fc3a87a70_0;  alias, 1 drivers
v0x556fc3a8a570_0 .net "B", 2 0, v0x556fc3a85680_0;  alias, 1 drivers
v0x556fc3a8a630_0 .var "Z", 2 0;
o0x7f059bec4f78 .functor BUFZ 1, C4<z>; HiZ drive
v0x556fc3a8a6f0_0 .net "clk", 0 0, o0x7f059bec4f78;  0 drivers
o0x7f059bec4fa8 .functor BUFZ 1, C4<z>; HiZ drive
v0x556fc3a8a7b0_0 .net "reset", 0 0, o0x7f059bec4fa8;  0 drivers
E_0x556fc3a8a410 .event anyedge, v0x556fc3a87a70_0, v0x556fc3a85680_0;
S_0x556fc3a8a960 .scope module, "T8" "MM" 2 36, 3 1 0, S_0x556fc3a356f0;
 .timescale 0 0;
    .port_info 0 /INPUT 3 "A";
    .port_info 1 /INPUT 3 "B";
    .port_info 2 /INPUT 1 "clk";
    .port_info 3 /INPUT 1 "reset";
    .port_info 4 /OUTPUT 3 "Z";
v0x556fc3a8ac40_0 .net "A", 2 0, L_0x556fc3a8d460;  alias, 1 drivers
v0x556fc3a8ad50_0 .net "B", 2 0, L_0x556fc3a8d630;  alias, 1 drivers
v0x556fc3a8ae10_0 .var "Z", 2 0;
o0x7f059bec5128 .functor BUFZ 1, C4<z>; HiZ drive
v0x556fc3a8af00_0 .net "clk", 0 0, o0x7f059bec5128;  0 drivers
o0x7f059bec5158 .functor BUFZ 1, C4<z>; HiZ drive
v0x556fc3a8afc0_0 .net "reset", 0 0, o0x7f059bec5158;  0 drivers
E_0x556fc3a8abc0 .event anyedge, v0x556fc3a89da0_0, v0x556fc3a8ad50_0;
S_0x556fc3a8b170 .scope module, "T9" "GFSQR" 2 40, 4 3 0, S_0x556fc3a356f0;
 .timescale 0 0;
    .port_info 0 /INPUT 3 "A";
    .port_info 1 /OUTPUT 3 "Z";
L_0x556fc3a8d870 .functor BUFZ 3, v0x556fc3a85680_0, C4<000>, C4<000>, C4<000>;
v0x556fc3a8bc00_0 .net "A", 2 0, v0x556fc3a85680_0;  alias, 1 drivers
v0x556fc3a8bce0_0 .net "B", 2 0, L_0x556fc3a8d870;  1 drivers
v0x556fc3a8bda0_0 .net "Z", 2 0, v0x556fc3a8b900_0;  alias, 1 drivers
S_0x556fc3a8b3b0 .scope module, "sqrer" "MM" 4 10, 3 1 0, S_0x556fc3a8b170;
 .timescale 0 0;
    .port_info 0 /INPUT 3 "A";
    .port_info 1 /INPUT 3 "B";
    .port_info 2 /INPUT 1 "clk";
    .port_info 3 /INPUT 1 "reset";
    .port_info 4 /OUTPUT 3 "Z";
v0x556fc3a8b6b0_0 .net "A", 2 0, v0x556fc3a85680_0;  alias, 1 drivers
v0x556fc3a8b820_0 .net "B", 2 0, L_0x556fc3a8d870;  alias, 1 drivers
v0x556fc3a8b900_0 .var "Z", 2 0;
o0x7f059bec52a8 .functor BUFZ 1, C4<z>; HiZ drive
v0x556fc3a8ba00_0 .net "clk", 0 0, o0x7f059bec52a8;  0 drivers
o0x7f059bec52d8 .functor BUFZ 1, C4<z>; HiZ drive
v0x556fc3a8baa0_0 .net "reset", 0 0, o0x7f059bec52d8;  0 drivers
E_0x556fc3a8b630 .event anyedge, v0x556fc3a85680_0, v0x556fc3a8b820_0;
    .scope S_0x556fc3a35920;
T_0 ;
    %wait E_0x556fc3a39d30;
    %load/vec4 v0x556fc3a35ab0_0;
    %parti/s 1, 0, 2;
    %load/vec4 v0x556fc3a855a0_0;
    %parti/s 1, 0, 2;
    %and;
    %load/vec4 v0x556fc3a35ab0_0;
    %parti/s 1, 1, 2;
    %load/vec4 v0x556fc3a855a0_0;
    %parti/s 1, 2, 3;
    %and;
    %xor;
    %load/vec4 v0x556fc3a35ab0_0;
    %parti/s 1, 2, 3;
    %load/vec4 v0x556fc3a855a0_0;
    %parti/s 1, 1, 2;
    %and;
    %xor;
    %load/vec4 v0x556fc3a35ab0_0;
    %parti/s 1, 2, 3;
    %load/vec4 v0x556fc3a855a0_0;
    %parti/s 1, 2, 3;
    %and;
    %xor;
    %ix/load 4, 0, 0;
    %flag_set/imm 4, 0;
    %store/vec4 v0x556fc3a85680_0, 4, 1;
    %load/vec4 v0x556fc3a35ab0_0;
    %parti/s 1, 0, 2;
    %load/vec4 v0x556fc3a855a0_0;
    %parti/s 1, 1, 2;
    %and;
    %load/vec4 v0x556fc3a35ab0_0;
    %parti/s 1, 1, 2;
    %load/vec4 v0x556fc3a855a0_0;
    %parti/s 1, 0, 2;
    %and;
    %xor;
    %load/vec4 v0x556fc3a35ab0_0;
    %parti/s 1, 2, 3;
    %load/vec4 v0x556fc3a855a0_0;
    %parti/s 1, 2, 3;
    %and;
    %xor;
    %ix/load 4, 1, 0;
    %flag_set/imm 4, 0;
    %store/vec4 v0x556fc3a85680_0, 4, 1;
    %load/vec4 v0x556fc3a35ab0_0;
    %parti/s 1, 0, 2;
    %load/vec4 v0x556fc3a855a0_0;
    %parti/s 1, 2, 3;
    %and;
    %load/vec4 v0x556fc3a35ab0_0;
    %parti/s 1, 1, 2;
    %load/vec4 v0x556fc3a855a0_0;
    %parti/s 1, 2, 3;
    %and;
    %xor;
    %load/vec4 v0x556fc3a35ab0_0;
    %parti/s 1, 2, 3;
    %load/vec4 v0x556fc3a855a0_0;
    %parti/s 1, 0, 2;
    %and;
    %xor;
    %load/vec4 v0x556fc3a35ab0_0;
    %parti/s 1, 2, 3;
    %load/vec4 v0x556fc3a855a0_0;
    %parti/s 1, 2, 3;
    %and;
    %xor;
    %load/vec4 v0x556fc3a35ab0_0;
    %parti/s 1, 1, 2;
    %load/vec4 v0x556fc3a855a0_0;
    %parti/s 1, 1, 2;
    %and;
    %xor;
    %load/vec4 v0x556fc3a35ab0_0;
    %parti/s 1, 2, 3;
    %load/vec4 v0x556fc3a855a0_0;
    %parti/s 1, 1, 2;
    %and;
    %xor;
    %ix/load 4, 2, 0;
    %flag_set/imm 4, 0;
    %store/vec4 v0x556fc3a85680_0, 4, 1;
    %jmp T_0;
    .thread T_0, $push;
    .scope S_0x556fc3a85960;
T_1 ;
    %wait E_0x556fc3a38d50;
    %load/vec4 v0x556fc3a85b80_0;
    %parti/s 1, 0, 2;
    %load/vec4 v0x556fc3a85c80_0;
    %parti/s 1, 0, 2;
    %and;
    %load/vec4 v0x556fc3a85b80_0;
    %parti/s 1, 1, 2;
    %load/vec4 v0x556fc3a85c80_0;
    %parti/s 1, 2, 3;
    %and;
    %xor;
    %load/vec4 v0x556fc3a85b80_0;
    %parti/s 1, 2, 3;
    %load/vec4 v0x556fc3a85c80_0;
    %parti/s 1, 1, 2;
    %and;
    %xor;
    %load/vec4 v0x556fc3a85b80_0;
    %parti/s 1, 2, 3;
    %load/vec4 v0x556fc3a85c80_0;
    %parti/s 1, 2, 3;
    %and;
    %xor;
    %ix/load 4, 0, 0;
    %flag_set/imm 4, 0;
    %store/vec4 v0x556fc3a85d40_0, 4, 1;
    %load/vec4 v0x556fc3a85b80_0;
    %parti/s 1, 0, 2;
    %load/vec4 v0x556fc3a85c80_0;
    %parti/s 1, 1, 2;
    %and;
    %load/vec4 v0x556fc3a85b80_0;
    %parti/s 1, 1, 2;
    %load/vec4 v0x556fc3a85c80_0;
    %parti/s 1, 0, 2;
    %and;
    %xor;
    %load/vec4 v0x556fc3a85b80_0;
    %parti/s 1, 2, 3;
    %load/vec4 v0x556fc3a85c80_0;
    %parti/s 1, 2, 3;
    %and;
    %xor;
    %ix/load 4, 1, 0;
    %flag_set/imm 4, 0;
    %store/vec4 v0x556fc3a85d40_0, 4, 1;
    %load/vec4 v0x556fc3a85b80_0;
    %parti/s 1, 0, 2;
    %load/vec4 v0x556fc3a85c80_0;
    %parti/s 1, 2, 3;
    %and;
    %load/vec4 v0x556fc3a85b80_0;
    %parti/s 1, 1, 2;
    %load/vec4 v0x556fc3a85c80_0;
    %parti/s 1, 2, 3;
    %and;
    %xor;
    %load/vec4 v0x556fc3a85b80_0;
    %parti/s 1, 2, 3;
    %load/vec4 v0x556fc3a85c80_0;
    %parti/s 1, 0, 2;
    %and;
    %xor;
    %load/vec4 v0x556fc3a85b80_0;
    %parti/s 1, 2, 3;
    %load/vec4 v0x556fc3a85c80_0;
    %parti/s 1, 2, 3;
    %and;
    %xor;
    %load/vec4 v0x556fc3a85b80_0;
    %parti/s 1, 1, 2;
    %load/vec4 v0x556fc3a85c80_0;
    %parti/s 1, 1, 2;
    %and;
    %xor;
    %load/vec4 v0x556fc3a85b80_0;
    %parti/s 1, 2, 3;
    %load/vec4 v0x556fc3a85c80_0;
    %parti/s 1, 1, 2;
    %and;
    %xor;
    %ix/load 4, 2, 0;
    %flag_set/imm 4, 0;
    %store/vec4 v0x556fc3a85d40_0, 4, 1;
    %jmp T_1;
    .thread T_1, $push;
    .scope S_0x556fc3a86920;
T_2 ;
    %wait E_0x556fc3a66890;
    %load/vec4 v0x556fc3a86b60_0;
    %parti/s 1, 0, 2;
    %load/vec4 v0x556fc3a86c70_0;
    %parti/s 1, 0, 2;
    %and;
    %load/vec4 v0x556fc3a86b60_0;
    %parti/s 1, 1, 2;
    %load/vec4 v0x556fc3a86c70_0;
    %parti/s 1, 2, 3;
    %and;
    %xor;
    %load/vec4 v0x556fc3a86b60_0;
    %parti/s 1, 2, 3;
    %load/vec4 v0x556fc3a86c70_0;
    %parti/s 1, 1, 2;
    %and;
    %xor;
    %load/vec4 v0x556fc3a86b60_0;
    %parti/s 1, 2, 3;
    %load/vec4 v0x556fc3a86c70_0;
    %parti/s 1, 2, 3;
    %and;
    %xor;
    %ix/load 4, 0, 0;
    %flag_set/imm 4, 0;
    %store/vec4 v0x556fc3a86d30_0, 4, 1;
    %load/vec4 v0x556fc3a86b60_0;
    %parti/s 1, 0, 2;
    %load/vec4 v0x556fc3a86c70_0;
    %parti/s 1, 1, 2;
    %and;
    %load/vec4 v0x556fc3a86b60_0;
    %parti/s 1, 1, 2;
    %load/vec4 v0x556fc3a86c70_0;
    %parti/s 1, 0, 2;
    %and;
    %xor;
    %load/vec4 v0x556fc3a86b60_0;
    %parti/s 1, 2, 3;
    %load/vec4 v0x556fc3a86c70_0;
    %parti/s 1, 2, 3;
    %and;
    %xor;
    %ix/load 4, 1, 0;
    %flag_set/imm 4, 0;
    %store/vec4 v0x556fc3a86d30_0, 4, 1;
    %load/vec4 v0x556fc3a86b60_0;
    %parti/s 1, 0, 2;
    %load/vec4 v0x556fc3a86c70_0;
    %parti/s 1, 2, 3;
    %and;
    %load/vec4 v0x556fc3a86b60_0;
    %parti/s 1, 1, 2;
    %load/vec4 v0x556fc3a86c70_0;
    %parti/s 1, 2, 3;
    %and;
    %xor;
    %load/vec4 v0x556fc3a86b60_0;
    %parti/s 1, 2, 3;
    %load/vec4 v0x556fc3a86c70_0;
    %parti/s 1, 0, 2;
    %and;
    %xor;
    %load/vec4 v0x556fc3a86b60_0;
    %parti/s 1, 2, 3;
    %load/vec4 v0x556fc3a86c70_0;
    %parti/s 1, 2, 3;
    %and;
    %xor;
    %load/vec4 v0x556fc3a86b60_0;
    %parti/s 1, 1, 2;
    %load/vec4 v0x556fc3a86c70_0;
    %parti/s 1, 1, 2;
    %and;
    %xor;
    %load/vec4 v0x556fc3a86b60_0;
    %parti/s 1, 2, 3;
    %load/vec4 v0x556fc3a86c70_0;
    %parti/s 1, 1, 2;
    %and;
    %xor;
    %ix/load 4, 2, 0;
    %flag_set/imm 4, 0;
    %store/vec4 v0x556fc3a86d30_0, 4, 1;
    %jmp T_2;
    .thread T_2, $push;
    .scope S_0x556fc3a875e0;
T_3 ;
    %wait E_0x556fc3a877e0;
    %load/vec4 v0x556fc3a87860_0;
    %parti/s 1, 0, 2;
    %load/vec4 v0x556fc3a87990_0;
    %parti/s 1, 0, 2;
    %and;
    %load/vec4 v0x556fc3a87860_0;
    %parti/s 1, 1, 2;
    %load/vec4 v0x556fc3a87990_0;
    %parti/s 1, 2, 3;
    %and;
    %xor;
    %load/vec4 v0x556fc3a87860_0;
    %parti/s 1, 2, 3;
    %load/vec4 v0x556fc3a87990_0;
    %parti/s 1, 1, 2;
    %and;
    %xor;
    %load/vec4 v0x556fc3a87860_0;
    %parti/s 1, 2, 3;
    %load/vec4 v0x556fc3a87990_0;
    %parti/s 1, 2, 3;
    %and;
    %xor;
    %ix/load 4, 0, 0;
    %flag_set/imm 4, 0;
    %store/vec4 v0x556fc3a87a70_0, 4, 1;
    %load/vec4 v0x556fc3a87860_0;
    %parti/s 1, 0, 2;
    %load/vec4 v0x556fc3a87990_0;
    %parti/s 1, 1, 2;
    %and;
    %load/vec4 v0x556fc3a87860_0;
    %parti/s 1, 1, 2;
    %load/vec4 v0x556fc3a87990_0;
    %parti/s 1, 0, 2;
    %and;
    %xor;
    %load/vec4 v0x556fc3a87860_0;
    %parti/s 1, 2, 3;
    %load/vec4 v0x556fc3a87990_0;
    %parti/s 1, 2, 3;
    %and;
    %xor;
    %ix/load 4, 1, 0;
    %flag_set/imm 4, 0;
    %store/vec4 v0x556fc3a87a70_0, 4, 1;
    %load/vec4 v0x556fc3a87860_0;
    %parti/s 1, 0, 2;
    %load/vec4 v0x556fc3a87990_0;
    %parti/s 1, 2, 3;
    %and;
    %load/vec4 v0x556fc3a87860_0;
    %parti/s 1, 1, 2;
    %load/vec4 v0x556fc3a87990_0;
    %parti/s 1, 2, 3;
    %and;
    %xor;
    %load/vec4 v0x556fc3a87860_0;
    %parti/s 1, 2, 3;
    %load/vec4 v0x556fc3a87990_0;
    %parti/s 1, 0, 2;
    %and;
    %xor;
    %load/vec4 v0x556fc3a87860_0;
    %parti/s 1, 2, 3;
    %load/vec4 v0x556fc3a87990_0;
    %parti/s 1, 2, 3;
    %and;
    %xor;
    %load/vec4 v0x556fc3a87860_0;
    %parti/s 1, 1, 2;
    %load/vec4 v0x556fc3a87990_0;
    %parti/s 1, 1, 2;
    %and;
    %xor;
    %load/vec4 v0x556fc3a87860_0;
    %parti/s 1, 2, 3;
    %load/vec4 v0x556fc3a87990_0;
    %parti/s 1, 1, 2;
    %and;
    %xor;
    %ix/load 4, 2, 0;
    %flag_set/imm 4, 0;
    %store/vec4 v0x556fc3a87a70_0, 4, 1;
    %jmp T_3;
    .thread T_3, $push;
    .scope S_0x556fc3a88280;
T_4 ;
    %wait E_0x556fc3a884b0;
    %load/vec4 v0x556fc3a88530_0;
    %parti/s 1, 0, 2;
    %load/vec4 v0x556fc3a88660_0;
    %parti/s 1, 0, 2;
    %and;
    %load/vec4 v0x556fc3a88530_0;
    %parti/s 1, 1, 2;
    %load/vec4 v0x556fc3a88660_0;
    %parti/s 1, 2, 3;
    %and;
    %xor;
    %load/vec4 v0x556fc3a88530_0;
    %parti/s 1, 2, 3;
    %load/vec4 v0x556fc3a88660_0;
    %parti/s 1, 1, 2;
    %and;
    %xor;
    %load/vec4 v0x556fc3a88530_0;
    %parti/s 1, 2, 3;
    %load/vec4 v0x556fc3a88660_0;
    %parti/s 1, 2, 3;
    %and;
    %xor;
    %ix/load 4, 0, 0;
    %flag_set/imm 4, 0;
    %store/vec4 v0x556fc3a88740_0, 4, 1;
    %load/vec4 v0x556fc3a88530_0;
    %parti/s 1, 0, 2;
    %load/vec4 v0x556fc3a88660_0;
    %parti/s 1, 1, 2;
    %and;
    %load/vec4 v0x556fc3a88530_0;
    %parti/s 1, 1, 2;
    %load/vec4 v0x556fc3a88660_0;
    %parti/s 1, 0, 2;
    %and;
    %xor;
    %load/vec4 v0x556fc3a88530_0;
    %parti/s 1, 2, 3;
    %load/vec4 v0x556fc3a88660_0;
    %parti/s 1, 2, 3;
    %and;
    %xor;
    %ix/load 4, 1, 0;
    %flag_set/imm 4, 0;
    %store/vec4 v0x556fc3a88740_0, 4, 1;
    %load/vec4 v0x556fc3a88530_0;
    %parti/s 1, 0, 2;
    %load/vec4 v0x556fc3a88660_0;
    %parti/s 1, 2, 3;
    %and;
    %load/vec4 v0x556fc3a88530_0;
    %parti/s 1, 1, 2;
    %load/vec4 v0x556fc3a88660_0;
    %parti/s 1, 2, 3;
    %and;
    %xor;
    %load/vec4 v0x556fc3a88530_0;
    %parti/s 1, 2, 3;
    %load/vec4 v0x556fc3a88660_0;
    %parti/s 1, 0, 2;
    %and;
    %xor;
    %load/vec4 v0x556fc3a88530_0;
    %parti/s 1, 2, 3;
    %load/vec4 v0x556fc3a88660_0;
    %parti/s 1, 2, 3;
    %and;
    %xor;
    %load/vec4 v0x556fc3a88530_0;
    %parti/s 1, 1, 2;
    %load/vec4 v0x556fc3a88660_0;
    %parti/s 1, 1, 2;
    %and;
    %xor;
    %load/vec4 v0x556fc3a88530_0;
    %parti/s 1, 2, 3;
    %load/vec4 v0x556fc3a88660_0;
    %parti/s 1, 1, 2;
    %and;
    %xor;
    %ix/load 4, 2, 0;
    %flag_set/imm 4, 0;
    %store/vec4 v0x556fc3a88740_0, 4, 1;
    %jmp T_4;
    .thread T_4, $push;
    .scope S_0x556fc3a88f50;
T_5 ;
    %wait E_0x556fc3a89180;
    %load/vec4 v0x556fc3a89200_0;
    %parti/s 1, 0, 2;
    %load/vec4 v0x556fc3a89330_0;
    %parti/s 1, 0, 2;
    %and;
    %load/vec4 v0x556fc3a89200_0;
    %parti/s 1, 1, 2;
    %load/vec4 v0x556fc3a89330_0;
    %parti/s 1, 2, 3;
    %and;
    %xor;
    %load/vec4 v0x556fc3a89200_0;
    %parti/s 1, 2, 3;
    %load/vec4 v0x556fc3a89330_0;
    %parti/s 1, 1, 2;
    %and;
    %xor;
    %load/vec4 v0x556fc3a89200_0;
    %parti/s 1, 2, 3;
    %load/vec4 v0x556fc3a89330_0;
    %parti/s 1, 2, 3;
    %and;
    %xor;
    %ix/load 4, 0, 0;
    %flag_set/imm 4, 0;
    %store/vec4 v0x556fc3a89410_0, 4, 1;
    %load/vec4 v0x556fc3a89200_0;
    %parti/s 1, 0, 2;
    %load/vec4 v0x556fc3a89330_0;
    %parti/s 1, 1, 2;
    %and;
    %load/vec4 v0x556fc3a89200_0;
    %parti/s 1, 1, 2;
    %load/vec4 v0x556fc3a89330_0;
    %parti/s 1, 0, 2;
    %and;
    %xor;
    %load/vec4 v0x556fc3a89200_0;
    %parti/s 1, 2, 3;
    %load/vec4 v0x556fc3a89330_0;
    %parti/s 1, 2, 3;
    %and;
    %xor;
    %ix/load 4, 1, 0;
    %flag_set/imm 4, 0;
    %store/vec4 v0x556fc3a89410_0, 4, 1;
    %load/vec4 v0x556fc3a89200_0;
    %parti/s 1, 0, 2;
    %load/vec4 v0x556fc3a89330_0;
    %parti/s 1, 2, 3;
    %and;
    %load/vec4 v0x556fc3a89200_0;
    %parti/s 1, 1, 2;
    %load/vec4 v0x556fc3a89330_0;
    %parti/s 1, 2, 3;
    %and;
    %xor;
    %load/vec4 v0x556fc3a89200_0;
    %parti/s 1, 2, 3;
    %load/vec4 v0x556fc3a89330_0;
    %parti/s 1, 0, 2;
    %and;
    %xor;
    %load/vec4 v0x556fc3a89200_0;
    %parti/s 1, 2, 3;
    %load/vec4 v0x556fc3a89330_0;
    %parti/s 1, 2, 3;
    %and;
    %xor;
    %load/vec4 v0x556fc3a89200_0;
    %parti/s 1, 1, 2;
    %load/vec4 v0x556fc3a89330_0;
    %parti/s 1, 1, 2;
    %and;
    %xor;
    %load/vec4 v0x556fc3a89200_0;
    %parti/s 1, 2, 3;
    %load/vec4 v0x556fc3a89330_0;
    %parti/s 1, 1, 2;
    %and;
    %xor;
    %ix/load 4, 2, 0;
    %flag_set/imm 4, 0;
    %store/vec4 v0x556fc3a89410_0, 4, 1;
    %jmp T_5;
    .thread T_5, $push;
    .scope S_0x556fc3a89a00;
T_6 ;
    %wait E_0x556fc3a89c10;
    %load/vec4 v0x556fc3a89c70_0;
    %parti/s 1, 0, 2;
    %load/vec4 v0x556fc3a89da0_0;
    %parti/s 1, 0, 2;
    %and;
    %load/vec4 v0x556fc3a89c70_0;
    %parti/s 1, 1, 2;
    %load/vec4 v0x556fc3a89da0_0;
    %parti/s 1, 2, 3;
    %and;
    %xor;
    %load/vec4 v0x556fc3a89c70_0;
    %parti/s 1, 2, 3;
    %load/vec4 v0x556fc3a89da0_0;
    %parti/s 1, 1, 2;
    %and;
    %xor;
    %load/vec4 v0x556fc3a89c70_0;
    %parti/s 1, 2, 3;
    %load/vec4 v0x556fc3a89da0_0;
    %parti/s 1, 2, 3;
    %and;
    %xor;
    %ix/load 4, 0, 0;
    %flag_set/imm 4, 0;
    %store/vec4 v0x556fc3a89e80_0, 4, 1;
    %load/vec4 v0x556fc3a89c70_0;
    %parti/s 1, 0, 2;
    %load/vec4 v0x556fc3a89da0_0;
    %parti/s 1, 1, 2;
    %and;
    %load/vec4 v0x556fc3a89c70_0;
    %parti/s 1, 1, 2;
    %load/vec4 v0x556fc3a89da0_0;
    %parti/s 1, 0, 2;
    %and;
    %xor;
    %load/vec4 v0x556fc3a89c70_0;
    %parti/s 1, 2, 3;
    %load/vec4 v0x556fc3a89da0_0;
    %parti/s 1, 2, 3;
    %and;
    %xor;
    %ix/load 4, 1, 0;
    %flag_set/imm 4, 0;
    %store/vec4 v0x556fc3a89e80_0, 4, 1;
    %load/vec4 v0x556fc3a89c70_0;
    %parti/s 1, 0, 2;
    %load/vec4 v0x556fc3a89da0_0;
    %parti/s 1, 2, 3;
    %and;
    %load/vec4 v0x556fc3a89c70_0;
    %parti/s 1, 1, 2;
    %load/vec4 v0x556fc3a89da0_0;
    %parti/s 1, 2, 3;
    %and;
    %xor;
    %load/vec4 v0x556fc3a89c70_0;
    %parti/s 1, 2, 3;
    %load/vec4 v0x556fc3a89da0_0;
    %parti/s 1, 0, 2;
    %and;
    %xor;
    %load/vec4 v0x556fc3a89c70_0;
    %parti/s 1, 2, 3;
    %load/vec4 v0x556fc3a89da0_0;
    %parti/s 1, 2, 3;
    %and;
    %xor;
    %load/vec4 v0x556fc3a89c70_0;
    %parti/s 1, 1, 2;
    %load/vec4 v0x556fc3a89da0_0;
    %parti/s 1, 1, 2;
    %and;
    %xor;
    %load/vec4 v0x556fc3a89c70_0;
    %parti/s 1, 2, 3;
    %load/vec4 v0x556fc3a89da0_0;
    %parti/s 1, 1, 2;
    %and;
    %xor;
    %ix/load 4, 2, 0;
    %flag_set/imm 4, 0;
    %store/vec4 v0x556fc3a89e80_0, 4, 1;
    %jmp T_6;
    .thread T_6, $push;
    .scope S_0x556fc3a8a1b0;
T_7 ;
    %wait E_0x556fc3a8a410;
    %load/vec4 v0x556fc3a8a490_0;
    %parti/s 1, 0, 2;
    %load/vec4 v0x556fc3a8a570_0;
    %parti/s 1, 0, 2;
    %and;
    %load/vec4 v0x556fc3a8a490_0;
    %parti/s 1, 1, 2;
    %load/vec4 v0x556fc3a8a570_0;
    %parti/s 1, 2, 3;
    %and;
    %xor;
    %load/vec4 v0x556fc3a8a490_0;
    %parti/s 1, 2, 3;
    %load/vec4 v0x556fc3a8a570_0;
    %parti/s 1, 1, 2;
    %and;
    %xor;
    %load/vec4 v0x556fc3a8a490_0;
    %parti/s 1, 2, 3;
    %load/vec4 v0x556fc3a8a570_0;
    %parti/s 1, 2, 3;
    %and;
    %xor;
    %ix/load 4, 0, 0;
    %flag_set/imm 4, 0;
    %store/vec4 v0x556fc3a8a630_0, 4, 1;
    %load/vec4 v0x556fc3a8a490_0;
    %parti/s 1, 0, 2;
    %load/vec4 v0x556fc3a8a570_0;
    %parti/s 1, 1, 2;
    %and;
    %load/vec4 v0x556fc3a8a490_0;
    %parti/s 1, 1, 2;
    %load/vec4 v0x556fc3a8a570_0;
    %parti/s 1, 0, 2;
    %and;
    %xor;
    %load/vec4 v0x556fc3a8a490_0;
    %parti/s 1, 2, 3;
    %load/vec4 v0x556fc3a8a570_0;
    %parti/s 1, 2, 3;
    %and;
    %xor;
    %ix/load 4, 1, 0;
    %flag_set/imm 4, 0;
    %store/vec4 v0x556fc3a8a630_0, 4, 1;
    %load/vec4 v0x556fc3a8a490_0;
    %parti/s 1, 0, 2;
    %load/vec4 v0x556fc3a8a570_0;
    %parti/s 1, 2, 3;
    %and;
    %load/vec4 v0x556fc3a8a490_0;
    %parti/s 1, 1, 2;
    %load/vec4 v0x556fc3a8a570_0;
    %parti/s 1, 2, 3;
    %and;
    %xor;
    %load/vec4 v0x556fc3a8a490_0;
    %parti/s 1, 2, 3;
    %load/vec4 v0x556fc3a8a570_0;
    %parti/s 1, 0, 2;
    %and;
    %xor;
    %load/vec4 v0x556fc3a8a490_0;
    %parti/s 1, 2, 3;
    %load/vec4 v0x556fc3a8a570_0;
    %parti/s 1, 2, 3;
    %and;
    %xor;
    %load/vec4 v0x556fc3a8a490_0;
    %parti/s 1, 1, 2;
    %load/vec4 v0x556fc3a8a570_0;
    %parti/s 1, 1, 2;
    %and;
    %xor;
    %load/vec4 v0x556fc3a8a490_0;
    %parti/s 1, 2, 3;
    %load/vec4 v0x556fc3a8a570_0;
    %parti/s 1, 1, 2;
    %and;
    %xor;
    %ix/load 4, 2, 0;
    %flag_set/imm 4, 0;
    %store/vec4 v0x556fc3a8a630_0, 4, 1;
    %jmp T_7;
    .thread T_7, $push;
    .scope S_0x556fc3a8a960;
T_8 ;
    %wait E_0x556fc3a8abc0;
    %load/vec4 v0x556fc3a8ac40_0;
    %parti/s 1, 0, 2;
    %load/vec4 v0x556fc3a8ad50_0;
    %parti/s 1, 0, 2;
    %and;
    %load/vec4 v0x556fc3a8ac40_0;
    %parti/s 1, 1, 2;
    %load/vec4 v0x556fc3a8ad50_0;
    %parti/s 1, 2, 3;
    %and;
    %xor;
    %load/vec4 v0x556fc3a8ac40_0;
    %parti/s 1, 2, 3;
    %load/vec4 v0x556fc3a8ad50_0;
    %parti/s 1, 1, 2;
    %and;
    %xor;
    %load/vec4 v0x556fc3a8ac40_0;
    %parti/s 1, 2, 3;
    %load/vec4 v0x556fc3a8ad50_0;
    %parti/s 1, 2, 3;
    %and;
    %xor;
    %ix/load 4, 0, 0;
    %flag_set/imm 4, 0;
    %store/vec4 v0x556fc3a8ae10_0, 4, 1;
    %load/vec4 v0x556fc3a8ac40_0;
    %parti/s 1, 0, 2;
    %load/vec4 v0x556fc3a8ad50_0;
    %parti/s 1, 1, 2;
    %and;
    %load/vec4 v0x556fc3a8ac40_0;
    %parti/s 1, 1, 2;
    %load/vec4 v0x556fc3a8ad50_0;
    %parti/s 1, 0, 2;
    %and;
    %xor;
    %load/vec4 v0x556fc3a8ac40_0;
    %parti/s 1, 2, 3;
    %load/vec4 v0x556fc3a8ad50_0;
    %parti/s 1, 2, 3;
    %and;
    %xor;
    %ix/load 4, 1, 0;
    %flag_set/imm 4, 0;
    %store/vec4 v0x556fc3a8ae10_0, 4, 1;
    %load/vec4 v0x556fc3a8ac40_0;
    %parti/s 1, 0, 2;
    %load/vec4 v0x556fc3a8ad50_0;
    %parti/s 1, 2, 3;
    %and;
    %load/vec4 v0x556fc3a8ac40_0;
    %parti/s 1, 1, 2;
    %load/vec4 v0x556fc3a8ad50_0;
    %parti/s 1, 2, 3;
    %and;
    %xor;
    %load/vec4 v0x556fc3a8ac40_0;
    %parti/s 1, 2, 3;
    %load/vec4 v0x556fc3a8ad50_0;
    %parti/s 1, 0, 2;
    %and;
    %xor;
    %load/vec4 v0x556fc3a8ac40_0;
    %parti/s 1, 2, 3;
    %load/vec4 v0x556fc3a8ad50_0;
    %parti/s 1, 2, 3;
    %and;
    %xor;
    %load/vec4 v0x556fc3a8ac40_0;
    %parti/s 1, 1, 2;
    %load/vec4 v0x556fc3a8ad50_0;
    %parti/s 1, 1, 2;
    %and;
    %xor;
    %load/vec4 v0x556fc3a8ac40_0;
    %parti/s 1, 2, 3;
    %load/vec4 v0x556fc3a8ad50_0;
    %parti/s 1, 1, 2;
    %and;
    %xor;
    %ix/load 4, 2, 0;
    %flag_set/imm 4, 0;
    %store/vec4 v0x556fc3a8ae10_0, 4, 1;
    %jmp T_8;
    .thread T_8, $push;
    .scope S_0x556fc3a8b3b0;
T_9 ;
    %wait E_0x556fc3a8b630;
    %load/vec4 v0x556fc3a8b6b0_0;
    %parti/s 1, 0, 2;
    %load/vec4 v0x556fc3a8b820_0;
    %parti/s 1, 0, 2;
    %and;
    %load/vec4 v0x556fc3a8b6b0_0;
    %parti/s 1, 1, 2;
    %load/vec4 v0x556fc3a8b820_0;
    %parti/s 1, 2, 3;
    %and;
    %xor;
    %load/vec4 v0x556fc3a8b6b0_0;
    %parti/s 1, 2, 3;
    %load/vec4 v0x556fc3a8b820_0;
    %parti/s 1, 1, 2;
    %and;
    %xor;
    %load/vec4 v0x556fc3a8b6b0_0;
    %parti/s 1, 2, 3;
    %load/vec4 v0x556fc3a8b820_0;
    %parti/s 1, 2, 3;
    %and;
    %xor;
    %ix/load 4, 0, 0;
    %flag_set/imm 4, 0;
    %store/vec4 v0x556fc3a8b900_0, 4, 1;
    %load/vec4 v0x556fc3a8b6b0_0;
    %parti/s 1, 0, 2;
    %load/vec4 v0x556fc3a8b820_0;
    %parti/s 1, 1, 2;
    %and;
    %load/vec4 v0x556fc3a8b6b0_0;
    %parti/s 1, 1, 2;
    %load/vec4 v0x556fc3a8b820_0;
    %parti/s 1, 0, 2;
    %and;
    %xor;
    %load/vec4 v0x556fc3a8b6b0_0;
    %parti/s 1, 2, 3;
    %load/vec4 v0x556fc3a8b820_0;
    %parti/s 1, 2, 3;
    %and;
    %xor;
    %ix/load 4, 1, 0;
    %flag_set/imm 4, 0;
    %store/vec4 v0x556fc3a8b900_0, 4, 1;
    %load/vec4 v0x556fc3a8b6b0_0;
    %parti/s 1, 0, 2;
    %load/vec4 v0x556fc3a8b820_0;
    %parti/s 1, 2, 3;
    %and;
    %load/vec4 v0x556fc3a8b6b0_0;
    %parti/s 1, 1, 2;
    %load/vec4 v0x556fc3a8b820_0;
    %parti/s 1, 2, 3;
    %and;
    %xor;
    %load/vec4 v0x556fc3a8b6b0_0;
    %parti/s 1, 2, 3;
    %load/vec4 v0x556fc3a8b820_0;
    %parti/s 1, 0, 2;
    %and;
    %xor;
    %load/vec4 v0x556fc3a8b6b0_0;
    %parti/s 1, 2, 3;
    %load/vec4 v0x556fc3a8b820_0;
    %parti/s 1, 2, 3;
    %and;
    %xor;
    %load/vec4 v0x556fc3a8b6b0_0;
    %parti/s 1, 1, 2;
    %load/vec4 v0x556fc3a8b820_0;
    %parti/s 1, 1, 2;
    %and;
    %xor;
    %load/vec4 v0x556fc3a8b6b0_0;
    %parti/s 1, 2, 3;
    %load/vec4 v0x556fc3a8b820_0;
    %parti/s 1, 1, 2;
    %and;
    %xor;
    %ix/load 4, 2, 0;
    %flag_set/imm 4, 0;
    %store/vec4 v0x556fc3a8b900_0, 4, 1;
    %jmp T_9;
    .thread T_9, $push;
    .scope S_0x556fc3a86050;
T_10 ;
    %wait E_0x556fc3a1cf40;
    %load/vec4 v0x556fc3a86250_0;
    %parti/s 1, 0, 2;
    %load/vec4 v0x556fc3a86350_0;
    %parti/s 1, 0, 2;
    %and;
    %load/vec4 v0x556fc3a86250_0;
    %parti/s 1, 1, 2;
    %load/vec4 v0x556fc3a86350_0;
    %parti/s 1, 2, 3;
    %and;
    %xor;
    %load/vec4 v0x556fc3a86250_0;
    %parti/s 1, 2, 3;
    %load/vec4 v0x556fc3a86350_0;
    %parti/s 1, 1, 2;
    %and;
    %xor;
    %load/vec4 v0x556fc3a86250_0;
    %parti/s 1, 2, 3;
    %load/vec4 v0x556fc3a86350_0;
    %parti/s 1, 2, 3;
    %and;
    %xor;
    %ix/load 4, 0, 0;
    %flag_set/imm 4, 0;
    %store/vec4 v0x556fc3a86410_0, 4, 1;
    %load/vec4 v0x556fc3a86250_0;
    %parti/s 1, 0, 2;
    %load/vec4 v0x556fc3a86350_0;
    %parti/s 1, 1, 2;
    %and;
    %load/vec4 v0x556fc3a86250_0;
    %parti/s 1, 1, 2;
    %load/vec4 v0x556fc3a86350_0;
    %parti/s 1, 0, 2;
    %and;
    %xor;
    %load/vec4 v0x556fc3a86250_0;
    %parti/s 1, 2, 3;
    %load/vec4 v0x556fc3a86350_0;
    %parti/s 1, 2, 3;
    %and;
    %xor;
    %ix/load 4, 1, 0;
    %flag_set/imm 4, 0;
    %store/vec4 v0x556fc3a86410_0, 4, 1;
    %load/vec4 v0x556fc3a86250_0;
    %parti/s 1, 0, 2;
    %load/vec4 v0x556fc3a86350_0;
    %parti/s 1, 2, 3;
    %and;
    %load/vec4 v0x556fc3a86250_0;
    %parti/s 1, 1, 2;
    %load/vec4 v0x556fc3a86350_0;
    %parti/s 1, 2, 3;
    %and;
    %xor;
    %load/vec4 v0x556fc3a86250_0;
    %parti/s 1, 2, 3;
    %load/vec4 v0x556fc3a86350_0;
    %parti/s 1, 0, 2;
    %and;
    %xor;
    %load/vec4 v0x556fc3a86250_0;
    %parti/s 1, 2, 3;
    %load/vec4 v0x556fc3a86350_0;
    %parti/s 1, 2, 3;
    %and;
    %xor;
    %load/vec4 v0x556fc3a86250_0;
    %parti/s 1, 1, 2;
    %load/vec4 v0x556fc3a86350_0;
    %parti/s 1, 1, 2;
    %and;
    %xor;
    %load/vec4 v0x556fc3a86250_0;
    %parti/s 1, 2, 3;
    %load/vec4 v0x556fc3a86350_0;
    %parti/s 1, 1, 2;
    %and;
    %xor;
    %ix/load 4, 2, 0;
    %flag_set/imm 4, 0;
    %store/vec4 v0x556fc3a86410_0, 4, 1;
    %jmp T_10;
    .thread T_10, $push;
# The file index is used to find the file name in the following table.
:file_names 5;
    "N/A";
    "<interactive>";
    "/home/speedy/repos/coursework/hw_crypto/hw3/verilog/DOUB_PROJ.v";
    "././MM.v";
    "./GFSQR.v";
