#! /usr/bin/vvp
:ivl_version "12.0 (stable)" "(v12_0-dirty)";
:ivl_delay_selection "TYPICAL";
:vpi_time_precision + 0;
:vpi_module "/usr/lib/ivl/system.vpi";
:vpi_module "/usr/lib/ivl/vhdl_sys.vpi";
:vpi_module "/usr/lib/ivl/vhdl_textio.vpi";
:vpi_module "/usr/lib/ivl/v2005_math.vpi";
:vpi_module "/usr/lib/ivl/va_math.vpi";
S_0x557d1646daa0 .scope module, "MasMult" "MasMult" 2 2;
 .timescale 0 0;
    .port_info 0 /INPUT 3 "A";
    .port_info 1 /INPUT 3 "B";
    .port_info 2 /INPUT 1 "clk";
    .port_info 3 /INPUT 1 "reset";
    .port_info 4 /OUTPUT 3 "Z";
o0x7fa4116b2048 .functor BUFZ 3, C4<zzz>; HiZ drive
v0x557d16491430_0 .net "A", 2 0, o0x7fa4116b2048;  0 drivers
o0x7fa4116b23d8 .functor BUFZ 3, C4<zzz>; HiZ drive
v0x557d16491510_0 .net "B", 2 0, o0x7fa4116b23d8;  0 drivers
v0x557d164915e0_0 .var "P", 2 0;
v0x557d164916b0_0 .net "T0", 2 0, v0x557d1648d8a0_0;  1 drivers
v0x557d164917a0_0 .net "T1", 2 0, v0x557d1648e850_0;  1 drivers
v0x557d16491900_0 .net "T2", 2 0, v0x557d1648f7d0_0;  1 drivers
v0x557d16491a10_0 .net "Z", 2 0, v0x557d164907f0_0;  1 drivers
o0x7fa4116b20d8 .functor BUFZ 1, C4<z>; HiZ drive
v0x557d16491ad0_0 .net "clk", 0 0, o0x7fa4116b20d8;  0 drivers
o0x7fa4116b22b8 .functor BUFZ 1, C4<z>; HiZ drive
v0x557d16491c00_0 .net "reset", 0 0, o0x7fa4116b22b8;  0 drivers
S_0x557d164662f0 .scope module, "uut0" "MM" 2 15, 3 1 0, S_0x557d1646daa0;
 .timescale 0 0;
    .port_info 0 /INPUT 3 "A";
    .port_info 1 /INPUT 3 "B";
    .port_info 2 /INPUT 1 "clk";
    .port_info 3 /INPUT 1 "reset";
    .port_info 4 /OUTPUT 3 "Z";
v0x557d16466540_0 .net "A", 2 0, v0x557d164915e0_0;  1 drivers
v0x557d1648d7c0_0 .net "B", 2 0, o0x7fa4116b2048;  alias, 0 drivers
v0x557d1648d8a0_0 .var "Z", 2 0;
L_0x7fa4110e8018 .functor BUFT 1, C4<1101>, C4<0>, C4<0>, C4<0>;
v0x557d1648d960_0 .net "_P", 3 0, L_0x7fa4110e8018;  1 drivers
v0x557d1648da40_0 .net "clk", 0 0, o0x7fa4116b20d8;  alias, 0 drivers
v0x557d1648db50_0 .var "mid0_0", 3 0;
v0x557d1648dc30_0 .var "mid0_1", 3 0;
v0x557d1648dd10_0 .var "mid0_2", 3 0;
v0x557d1648ddf0_0 .var "mid1_0", 3 0;
v0x557d1648ded0_0 .var "mid1_1", 3 0;
v0x557d1648dfb0_0 .var "mid1_2", 3 0;
v0x557d1648e090_0 .var "mid2_0", 3 0;
v0x557d1648e170_0 .var "mid2_1", 3 0;
v0x557d1648e250_0 .var "mid2_2", 3 0;
v0x557d1648e330_0 .net "reset", 0 0, o0x7fa4116b22b8;  alias, 0 drivers
E_0x557d164622a0/0 .event anyedge, v0x557d1648e330_0, v0x557d16466540_0, v0x557d1648d7c0_0, v0x557d1648db50_0;
E_0x557d164622a0/1 .event anyedge, v0x557d1648d960_0, v0x557d1648dc30_0, v0x557d1648dd10_0, v0x557d1648ddf0_0;
E_0x557d164622a0/2 .event anyedge, v0x557d1648ded0_0, v0x557d1648dfb0_0, v0x557d1648e090_0, v0x557d1648e170_0;
E_0x557d164622a0/3 .event anyedge, v0x557d1648e250_0;
E_0x557d164622a0 .event/or E_0x557d164622a0/0, E_0x557d164622a0/1, E_0x557d164622a0/2, E_0x557d164622a0/3;
S_0x557d1648e490 .scope module, "uut1" "MM" 2 16, 3 1 0, S_0x557d1646daa0;
 .timescale 0 0;
    .port_info 0 /INPUT 3 "A";
    .port_info 1 /INPUT 3 "B";
    .port_info 2 /INPUT 1 "clk";
    .port_info 3 /INPUT 1 "reset";
    .port_info 4 /OUTPUT 3 "Z";
v0x557d1648e6b0_0 .net "A", 2 0, v0x557d164915e0_0;  alias, 1 drivers
v0x557d1648e790_0 .net "B", 2 0, o0x7fa4116b23d8;  alias, 0 drivers
v0x557d1648e850_0 .var "Z", 2 0;
L_0x7fa4110e8060 .functor BUFT 1, C4<1101>, C4<0>, C4<0>, C4<0>;
v0x557d1648e910_0 .net "_P", 3 0, L_0x7fa4110e8060;  1 drivers
v0x557d1648e9f0_0 .net "clk", 0 0, o0x7fa4116b20d8;  alias, 0 drivers
v0x557d1648eae0_0 .var "mid0_0", 3 0;
v0x557d1648eba0_0 .var "mid0_1", 3 0;
v0x557d1648ec80_0 .var "mid0_2", 3 0;
v0x557d1648ed60_0 .var "mid1_0", 3 0;
v0x557d1648ee40_0 .var "mid1_1", 3 0;
v0x557d1648ef20_0 .var "mid1_2", 3 0;
v0x557d1648f000_0 .var "mid2_0", 3 0;
v0x557d1648f0e0_0 .var "mid2_1", 3 0;
v0x557d1648f1c0_0 .var "mid2_2", 3 0;
v0x557d1648f2a0_0 .net "reset", 0 0, o0x7fa4116b22b8;  alias, 0 drivers
E_0x557d16462610/0 .event anyedge, v0x557d1648e330_0, v0x557d16466540_0, v0x557d1648e790_0, v0x557d1648eae0_0;
E_0x557d16462610/1 .event anyedge, v0x557d1648e910_0, v0x557d1648eba0_0, v0x557d1648ec80_0, v0x557d1648ed60_0;
E_0x557d16462610/2 .event anyedge, v0x557d1648ee40_0, v0x557d1648ef20_0, v0x557d1648f000_0, v0x557d1648f0e0_0;
E_0x557d16462610/3 .event anyedge, v0x557d1648f1c0_0;
E_0x557d16462610 .event/or E_0x557d16462610/0, E_0x557d16462610/1, E_0x557d16462610/2, E_0x557d16462610/3;
S_0x557d1648f3c0 .scope module, "uut2" "MM" 2 17, 3 1 0, S_0x557d1646daa0;
 .timescale 0 0;
    .port_info 0 /INPUT 3 "A";
    .port_info 1 /INPUT 3 "B";
    .port_info 2 /INPUT 1 "clk";
    .port_info 3 /INPUT 1 "reset";
    .port_info 4 /OUTPUT 3 "Z";
v0x557d1648f5f0_0 .net "A", 2 0, v0x557d1648d8a0_0;  alias, 1 drivers
v0x557d1648f700_0 .net "B", 2 0, v0x557d1648e850_0;  alias, 1 drivers
v0x557d1648f7d0_0 .var "Z", 2 0;
L_0x7fa4110e80a8 .functor BUFT 1, C4<1101>, C4<0>, C4<0>, C4<0>;
v0x557d1648f8a0_0 .net "_P", 3 0, L_0x7fa4110e80a8;  1 drivers
v0x557d1648f980_0 .net "clk", 0 0, o0x7fa4116b20d8;  alias, 0 drivers
v0x557d1648fac0_0 .var "mid0_0", 3 0;
v0x557d1648fba0_0 .var "mid0_1", 3 0;
v0x557d1648fc80_0 .var "mid0_2", 3 0;
v0x557d1648fd60_0 .var "mid1_0", 3 0;
v0x557d1648fe40_0 .var "mid1_1", 3 0;
v0x557d1648ff20_0 .var "mid1_2", 3 0;
v0x557d16490000_0 .var "mid2_0", 3 0;
v0x557d164900e0_0 .var "mid2_1", 3 0;
v0x557d164901c0_0 .var "mid2_2", 3 0;
v0x557d164902a0_0 .net "reset", 0 0, o0x7fa4116b22b8;  alias, 0 drivers
E_0x557d16462980/0 .event anyedge, v0x557d1648e330_0, v0x557d1648d8a0_0, v0x557d1648e850_0, v0x557d1648fac0_0;
E_0x557d16462980/1 .event anyedge, v0x557d1648f8a0_0, v0x557d1648fba0_0, v0x557d1648fc80_0, v0x557d1648fd60_0;
E_0x557d16462980/2 .event anyedge, v0x557d1648fe40_0, v0x557d1648ff20_0, v0x557d16490000_0, v0x557d164900e0_0;
E_0x557d16462980/3 .event anyedge, v0x557d164901c0_0;
E_0x557d16462980 .event/or E_0x557d16462980/0, E_0x557d16462980/1, E_0x557d16462980/2, E_0x557d16462980/3;
S_0x557d164903e0 .scope module, "uut3" "MM" 2 18, 3 1 0, S_0x557d1646daa0;
 .timescale 0 0;
    .port_info 0 /INPUT 3 "A";
    .port_info 1 /INPUT 3 "B";
    .port_info 2 /INPUT 1 "clk";
    .port_info 3 /INPUT 1 "reset";
    .port_info 4 /OUTPUT 3 "Z";
v0x557d16490650_0 .net "A", 2 0, v0x557d1648f7d0_0;  alias, 1 drivers
L_0x7fa4110e8138 .functor BUFT 1, C4<001>, C4<0>, C4<0>, C4<0>;
v0x557d16490730_0 .net "B", 2 0, L_0x7fa4110e8138;  1 drivers
v0x557d164907f0_0 .var "Z", 2 0;
L_0x7fa4110e80f0 .functor BUFT 1, C4<1101>, C4<0>, C4<0>, C4<0>;
v0x557d164908b0_0 .net "_P", 3 0, L_0x7fa4110e80f0;  1 drivers
v0x557d16490990_0 .net "clk", 0 0, o0x7fa4116b20d8;  alias, 0 drivers
v0x557d16490a80_0 .var "mid0_0", 3 0;
v0x557d16490b60_0 .var "mid0_1", 3 0;
v0x557d16490c40_0 .var "mid0_2", 3 0;
v0x557d16490d20_0 .var "mid1_0", 3 0;
v0x557d16490e90_0 .var "mid1_1", 3 0;
v0x557d16490f70_0 .var "mid1_2", 3 0;
v0x557d16491050_0 .var "mid2_0", 3 0;
v0x557d16491130_0 .var "mid2_1", 3 0;
v0x557d16491210_0 .var "mid2_2", 3 0;
v0x557d164912f0_0 .net "reset", 0 0, o0x7fa4116b22b8;  alias, 0 drivers
E_0x557d16460150/0 .event anyedge, v0x557d1648e330_0, v0x557d1648f7d0_0, v0x557d16490730_0, v0x557d16490a80_0;
E_0x557d16460150/1 .event anyedge, v0x557d164908b0_0, v0x557d16490b60_0, v0x557d16490c40_0, v0x557d16490d20_0;
E_0x557d16460150/2 .event anyedge, v0x557d16490e90_0, v0x557d16490f70_0, v0x557d16491050_0, v0x557d16491130_0;
E_0x557d16460150/3 .event anyedge, v0x557d16491210_0;
E_0x557d16460150 .event/or E_0x557d16460150/0, E_0x557d16460150/1, E_0x557d16460150/2, E_0x557d16460150/3;
    .scope S_0x557d164662f0;
T_0 ;
    %wait E_0x557d164622a0;
    %load/vec4 v0x557d1648e330_0;
    %flag_set/vec4 8;
    %jmp/0xz  T_0.0, 8;
    %pushi/vec4 0, 0, 3;
    %store/vec4 v0x557d1648d8a0_0, 0, 3;
    %jmp T_0.1;
T_0.0 ;
    %pushi/vec4 0, 0, 4;
    %load/vec4 v0x557d16466540_0;
    %parti/s 1, 0, 2;
    %replicate 4;
    %load/vec4 v0x557d1648d7c0_0;
    %pad/u 4;
    %and;
    %xor;
    %store/vec4 v0x557d1648db50_0, 0, 4;
    %load/vec4 v0x557d1648db50_0;
    %load/vec4 v0x557d1648db50_0;
    %parti/s 1, 0, 2;
    %replicate 4;
    %load/vec4 v0x557d1648d960_0;
    %and;
    %xor;
    %store/vec4 v0x557d1648dc30_0, 0, 4;
    %load/vec4 v0x557d1648dc30_0;
    %ix/load 4, 1, 0;
    %flag_set/imm 4, 0;
    %shiftr 4;
    %store/vec4 v0x557d1648dd10_0, 0, 4;
    %load/vec4 v0x557d1648dd10_0;
    %parti/s 1, 1, 2;
    %pad/u 4;
    %load/vec4 v0x557d16466540_0;
    %parti/s 1, 1, 2;
    %replicate 4;
    %load/vec4 v0x557d1648d7c0_0;
    %pad/u 4;
    %and;
    %xor;
    %store/vec4 v0x557d1648ddf0_0, 0, 4;
    %load/vec4 v0x557d1648ddf0_0;
    %load/vec4 v0x557d1648ddf0_0;
    %parti/s 1, 0, 2;
    %replicate 4;
    %load/vec4 v0x557d1648d960_0;
    %and;
    %xor;
    %store/vec4 v0x557d1648ded0_0, 0, 4;
    %load/vec4 v0x557d1648ded0_0;
    %ix/load 4, 1, 0;
    %flag_set/imm 4, 0;
    %shiftr 4;
    %store/vec4 v0x557d1648dfb0_0, 0, 4;
    %load/vec4 v0x557d1648dfb0_0;
    %parti/s 1, 2, 3;
    %pad/u 4;
    %load/vec4 v0x557d16466540_0;
    %parti/s 1, 2, 3;
    %replicate 4;
    %load/vec4 v0x557d1648d7c0_0;
    %pad/u 4;
    %and;
    %xor;
    %store/vec4 v0x557d1648e090_0, 0, 4;
    %load/vec4 v0x557d1648e090_0;
    %load/vec4 v0x557d1648e090_0;
    %parti/s 1, 0, 2;
    %replicate 4;
    %load/vec4 v0x557d1648d960_0;
    %and;
    %xor;
    %store/vec4 v0x557d1648e170_0, 0, 4;
    %load/vec4 v0x557d1648e170_0;
    %ix/load 4, 1, 0;
    %flag_set/imm 4, 0;
    %shiftr 4;
    %store/vec4 v0x557d1648e250_0, 0, 4;
    %load/vec4 v0x557d1648e250_0;
    %parti/s 3, 0, 2;
    %store/vec4 v0x557d1648d8a0_0, 0, 3;
T_0.1 ;
    %jmp T_0;
    .thread T_0, $push;
    .scope S_0x557d1648e490;
T_1 ;
    %wait E_0x557d16462610;
    %load/vec4 v0x557d1648f2a0_0;
    %flag_set/vec4 8;
    %jmp/0xz  T_1.0, 8;
    %pushi/vec4 0, 0, 3;
    %store/vec4 v0x557d1648e850_0, 0, 3;
    %jmp T_1.1;
T_1.0 ;
    %pushi/vec4 0, 0, 4;
    %load/vec4 v0x557d1648e6b0_0;
    %parti/s 1, 0, 2;
    %replicate 4;
    %load/vec4 v0x557d1648e790_0;
    %pad/u 4;
    %and;
    %xor;
    %store/vec4 v0x557d1648eae0_0, 0, 4;
    %load/vec4 v0x557d1648eae0_0;
    %load/vec4 v0x557d1648eae0_0;
    %parti/s 1, 0, 2;
    %replicate 4;
    %load/vec4 v0x557d1648e910_0;
    %and;
    %xor;
    %store/vec4 v0x557d1648eba0_0, 0, 4;
    %load/vec4 v0x557d1648eba0_0;
    %ix/load 4, 1, 0;
    %flag_set/imm 4, 0;
    %shiftr 4;
    %store/vec4 v0x557d1648ec80_0, 0, 4;
    %load/vec4 v0x557d1648ec80_0;
    %parti/s 1, 1, 2;
    %pad/u 4;
    %load/vec4 v0x557d1648e6b0_0;
    %parti/s 1, 1, 2;
    %replicate 4;
    %load/vec4 v0x557d1648e790_0;
    %pad/u 4;
    %and;
    %xor;
    %store/vec4 v0x557d1648ed60_0, 0, 4;
    %load/vec4 v0x557d1648ed60_0;
    %load/vec4 v0x557d1648ed60_0;
    %parti/s 1, 0, 2;
    %replicate 4;
    %load/vec4 v0x557d1648e910_0;
    %and;
    %xor;
    %store/vec4 v0x557d1648ee40_0, 0, 4;
    %load/vec4 v0x557d1648ee40_0;
    %ix/load 4, 1, 0;
    %flag_set/imm 4, 0;
    %shiftr 4;
    %store/vec4 v0x557d1648ef20_0, 0, 4;
    %load/vec4 v0x557d1648ef20_0;
    %parti/s 1, 2, 3;
    %pad/u 4;
    %load/vec4 v0x557d1648e6b0_0;
    %parti/s 1, 2, 3;
    %replicate 4;
    %load/vec4 v0x557d1648e790_0;
    %pad/u 4;
    %and;
    %xor;
    %store/vec4 v0x557d1648f000_0, 0, 4;
    %load/vec4 v0x557d1648f000_0;
    %load/vec4 v0x557d1648f000_0;
    %parti/s 1, 0, 2;
    %replicate 4;
    %load/vec4 v0x557d1648e910_0;
    %and;
    %xor;
    %store/vec4 v0x557d1648f0e0_0, 0, 4;
    %load/vec4 v0x557d1648f0e0_0;
    %ix/load 4, 1, 0;
    %flag_set/imm 4, 0;
    %shiftr 4;
    %store/vec4 v0x557d1648f1c0_0, 0, 4;
    %load/vec4 v0x557d1648f1c0_0;
    %parti/s 3, 0, 2;
    %store/vec4 v0x557d1648e850_0, 0, 3;
T_1.1 ;
    %jmp T_1;
    .thread T_1, $push;
    .scope S_0x557d1648f3c0;
T_2 ;
    %wait E_0x557d16462980;
    %load/vec4 v0x557d164902a0_0;
    %flag_set/vec4 8;
    %jmp/0xz  T_2.0, 8;
    %pushi/vec4 0, 0, 3;
    %store/vec4 v0x557d1648f7d0_0, 0, 3;
    %jmp T_2.1;
T_2.0 ;
    %pushi/vec4 0, 0, 4;
    %load/vec4 v0x557d1648f5f0_0;
    %parti/s 1, 0, 2;
    %replicate 4;
    %load/vec4 v0x557d1648f700_0;
    %pad/u 4;
    %and;
    %xor;
    %store/vec4 v0x557d1648fac0_0, 0, 4;
    %load/vec4 v0x557d1648fac0_0;
    %load/vec4 v0x557d1648fac0_0;
    %parti/s 1, 0, 2;
    %replicate 4;
    %load/vec4 v0x557d1648f8a0_0;
    %and;
    %xor;
    %store/vec4 v0x557d1648fba0_0, 0, 4;
    %load/vec4 v0x557d1648fba0_0;
    %ix/load 4, 1, 0;
    %flag_set/imm 4, 0;
    %shiftr 4;
    %store/vec4 v0x557d1648fc80_0, 0, 4;
    %load/vec4 v0x557d1648fc80_0;
    %parti/s 1, 1, 2;
    %pad/u 4;
    %load/vec4 v0x557d1648f5f0_0;
    %parti/s 1, 1, 2;
    %replicate 4;
    %load/vec4 v0x557d1648f700_0;
    %pad/u 4;
    %and;
    %xor;
    %store/vec4 v0x557d1648fd60_0, 0, 4;
    %load/vec4 v0x557d1648fd60_0;
    %load/vec4 v0x557d1648fd60_0;
    %parti/s 1, 0, 2;
    %replicate 4;
    %load/vec4 v0x557d1648f8a0_0;
    %and;
    %xor;
    %store/vec4 v0x557d1648fe40_0, 0, 4;
    %load/vec4 v0x557d1648fe40_0;
    %ix/load 4, 1, 0;
    %flag_set/imm 4, 0;
    %shiftr 4;
    %store/vec4 v0x557d1648ff20_0, 0, 4;
    %load/vec4 v0x557d1648ff20_0;
    %parti/s 1, 2, 3;
    %pad/u 4;
    %load/vec4 v0x557d1648f5f0_0;
    %parti/s 1, 2, 3;
    %replicate 4;
    %load/vec4 v0x557d1648f700_0;
    %pad/u 4;
    %and;
    %xor;
    %store/vec4 v0x557d16490000_0, 0, 4;
    %load/vec4 v0x557d16490000_0;
    %load/vec4 v0x557d16490000_0;
    %parti/s 1, 0, 2;
    %replicate 4;
    %load/vec4 v0x557d1648f8a0_0;
    %and;
    %xor;
    %store/vec4 v0x557d164900e0_0, 0, 4;
    %load/vec4 v0x557d164900e0_0;
    %ix/load 4, 1, 0;
    %flag_set/imm 4, 0;
    %shiftr 4;
    %store/vec4 v0x557d164901c0_0, 0, 4;
    %load/vec4 v0x557d164901c0_0;
    %parti/s 3, 0, 2;
    %store/vec4 v0x557d1648f7d0_0, 0, 3;
T_2.1 ;
    %jmp T_2;
    .thread T_2, $push;
    .scope S_0x557d164903e0;
T_3 ;
    %wait E_0x557d16460150;
    %load/vec4 v0x557d164912f0_0;
    %flag_set/vec4 8;
    %jmp/0xz  T_3.0, 8;
    %pushi/vec4 0, 0, 3;
    %store/vec4 v0x557d164907f0_0, 0, 3;
    %jmp T_3.1;
T_3.0 ;
    %pushi/vec4 0, 0, 4;
    %load/vec4 v0x557d16490650_0;
    %parti/s 1, 0, 2;
    %replicate 4;
    %load/vec4 v0x557d16490730_0;
    %pad/u 4;
    %and;
    %xor;
    %store/vec4 v0x557d16490a80_0, 0, 4;
    %load/vec4 v0x557d16490a80_0;
    %load/vec4 v0x557d16490a80_0;
    %parti/s 1, 0, 2;
    %replicate 4;
    %load/vec4 v0x557d164908b0_0;
    %and;
    %xor;
    %store/vec4 v0x557d16490b60_0, 0, 4;
    %load/vec4 v0x557d16490b60_0;
    %ix/load 4, 1, 0;
    %flag_set/imm 4, 0;
    %shiftr 4;
    %store/vec4 v0x557d16490c40_0, 0, 4;
    %load/vec4 v0x557d16490c40_0;
    %parti/s 1, 1, 2;
    %pad/u 4;
    %load/vec4 v0x557d16490650_0;
    %parti/s 1, 1, 2;
    %replicate 4;
    %load/vec4 v0x557d16490730_0;
    %pad/u 4;
    %and;
    %xor;
    %store/vec4 v0x557d16490d20_0, 0, 4;
    %load/vec4 v0x557d16490d20_0;
    %load/vec4 v0x557d16490d20_0;
    %parti/s 1, 0, 2;
    %replicate 4;
    %load/vec4 v0x557d164908b0_0;
    %and;
    %xor;
    %store/vec4 v0x557d16490e90_0, 0, 4;
    %load/vec4 v0x557d16490e90_0;
    %ix/load 4, 1, 0;
    %flag_set/imm 4, 0;
    %shiftr 4;
    %store/vec4 v0x557d16490f70_0, 0, 4;
    %load/vec4 v0x557d16490f70_0;
    %parti/s 1, 2, 3;
    %pad/u 4;
    %load/vec4 v0x557d16490650_0;
    %parti/s 1, 2, 3;
    %replicate 4;
    %load/vec4 v0x557d16490730_0;
    %pad/u 4;
    %and;
    %xor;
    %store/vec4 v0x557d16491050_0, 0, 4;
    %load/vec4 v0x557d16491050_0;
    %load/vec4 v0x557d16491050_0;
    %parti/s 1, 0, 2;
    %replicate 4;
    %load/vec4 v0x557d164908b0_0;
    %and;
    %xor;
    %store/vec4 v0x557d16491130_0, 0, 4;
    %load/vec4 v0x557d16491130_0;
    %ix/load 4, 1, 0;
    %flag_set/imm 4, 0;
    %shiftr 4;
    %store/vec4 v0x557d16491210_0, 0, 4;
    %load/vec4 v0x557d16491210_0;
    %parti/s 3, 0, 2;
    %store/vec4 v0x557d164907f0_0, 0, 3;
T_3.1 ;
    %jmp T_3;
    .thread T_3, $push;
    .scope S_0x557d1646daa0;
T_4 ;
    %pushi/vec4 7, 0, 3;
    %store/vec4 v0x557d164915e0_0, 0, 3;
    %end;
    .thread T_4;
# The file index is used to find the file name in the following table.
:file_names 4;
    "N/A";
    "<interactive>";
    "/home/speedy/repos/courses/hw_crypto/hw2/verilog/MasMult.v";
    "./MM.v";
